<?xml version="1.0" encoding="UTF-8"?>
<!-- Generated by org.testng.reporters.JUnitXMLReporter -->
<testsuite ignored="0" hostname="KetanPC" failures="0" tests="2" name="Error Validations Test" time="21.915" errors="0" timestamp="06 Jan 2023 15:44:29 GMT">
  <testcase classname="rahulshettyacademy.tests.ErrorValidationsTest" name="LoginErrorValidation" time="1.841"/>
  <testcase classname="rahulshettyacademy.tests.ErrorValidationsTest" name="ProductErrorValidation" time="5.019"/>
</testsuite> <!-- Error Validations Test -->
