<?xml version="1.0" encoding="UTF-8"?>
<testng-results ignored="0" total="5" passed="5" failed="0" skipped="0">
  <reporter-output>
  </reporter-output>
  <suite started-at="2023-01-06T15:44:07Z" name="Suite" finished-at="2023-01-06T15:44:38Z" duration-ms="31335">
    <groups>
      <group name="Purchase">
        <method signature="SubmitOrderTest.submitOrder(java.util.HashMap)[pri:0, instance:rahulshettyacademy.tests.SubmitOrderTest@41709512]" name="submitOrder" class="rahulshettyacademy.tests.SubmitOrderTest"/>
      </group> <!-- Purchase -->
      <group name="ErrorHandling">
        <method signature="ErrorValidationsTest.LoginErrorValidation()[pri:0, instance:rahulshettyacademy.tests.ErrorValidationsTest@25aca718]" name="LoginErrorValidation" class="rahulshettyacademy.tests.ErrorValidationsTest"/>
      </group> <!-- ErrorHandling -->
    </groups>
    <test started-at="2023-01-06T15:44:07Z" name="Error Validations Test" finished-at="2023-01-06T15:44:29Z" duration-ms="21915">
      <class name="rahulshettyacademy.tests.ErrorValidationsTest">
        <test-method is-config="true" signature="launchApplication()[pri:0, instance:rahulshettyacademy.tests.ErrorValidationsTest@25aca718]" started-at="2023-01-06T15:44:07Z" name="launchApplication" finished-at="2023-01-06T15:44:15Z" duration-ms="8524" status="PASS">
          <reporter-output>
          </reporter-output>
        </test-method> <!-- launchApplication -->
        <test-method signature="LoginErrorValidation()[pri:0, instance:rahulshettyacademy.tests.ErrorValidationsTest@25aca718]" started-at="2023-01-06T15:44:15Z" name="LoginErrorValidation" finished-at="2023-01-06T15:44:17Z" duration-ms="1841" status="PASS">
          <reporter-output>
          </reporter-output>
        </test-method> <!-- LoginErrorValidation -->
        <test-method is-config="true" signature="tearDown()[pri:0, instance:rahulshettyacademy.tests.ErrorValidationsTest@25aca718]" started-at="2023-01-06T15:44:17Z" name="tearDown" finished-at="2023-01-06T15:44:18Z" duration-ms="698" status="PASS">
          <reporter-output>
          </reporter-output>
        </test-method> <!-- tearDown -->
        <test-method is-config="true" signature="launchApplication()[pri:0, instance:rahulshettyacademy.tests.ErrorValidationsTest@25aca718]" started-at="2023-01-06T15:44:18Z" name="launchApplication" finished-at="2023-01-06T15:44:23Z" duration-ms="5345" status="PASS">
          <reporter-output>
          </reporter-output>
        </test-method> <!-- launchApplication -->
        <test-method signature="ProductErrorValidation()[pri:0, instance:rahulshettyacademy.tests.ErrorValidationsTest@25aca718]" started-at="2023-01-06T15:44:23Z" name="ProductErrorValidation" finished-at="2023-01-06T15:44:28Z" duration-ms="5019" status="PASS">
          <reporter-output>
          </reporter-output>
        </test-method> <!-- ProductErrorValidation -->
        <test-method is-config="true" signature="tearDown()[pri:0, instance:rahulshettyacademy.tests.ErrorValidationsTest@25aca718]" started-at="2023-01-06T15:44:28Z" name="tearDown" finished-at="2023-01-06T15:44:29Z" duration-ms="445" status="PASS">
          <reporter-output>
          </reporter-output>
        </test-method> <!-- tearDown -->
      </class> <!-- rahulshettyacademy.tests.ErrorValidationsTest -->
    </test> <!-- Error Validations Test -->
    <test started-at="2023-01-06T15:44:07Z" name="Submit Order Test" finished-at="2023-01-06T15:44:38Z" duration-ms="31335">
      <class name="rahulshettyacademy.tests.SubmitOrderTest">
        <test-method is-config="true" signature="launchApplication()[pri:0, instance:rahulshettyacademy.tests.SubmitOrderTest@41709512]" started-at="2023-01-06T15:44:07Z" name="launchApplication" finished-at="2023-01-06T15:44:14Z" duration-ms="7075" status="PASS">
          <reporter-output>
          </reporter-output>
        </test-method> <!-- launchApplication -->
        <test-method signature="submitOrder(java.util.HashMap)[pri:0, instance:rahulshettyacademy.tests.SubmitOrderTest@41709512]" started-at="2023-01-06T15:44:14Z" name="submitOrder" data-provider="getData" finished-at="2023-01-06T15:44:21Z" duration-ms="6711" status="PASS">
          <params>
            <param index="0">
              <value>
                <![CDATA[{password=Iamking@000, product=ZARA COAT 3, email=anshika@gmail.com}]]>
              </value>
            </param>
          </params>
          <reporter-output>
          </reporter-output>
        </test-method> <!-- submitOrder -->
        <test-method is-config="true" signature="tearDown()[pri:0, instance:rahulshettyacademy.tests.SubmitOrderTest@41709512]" started-at="2023-01-06T15:44:21Z" name="tearDown" finished-at="2023-01-06T15:44:21Z" duration-ms="531" status="PASS">
          <reporter-output>
          </reporter-output>
        </test-method> <!-- tearDown -->
        <test-method is-config="true" signature="launchApplication()[pri:0, instance:rahulshettyacademy.tests.SubmitOrderTest@41709512]" started-at="2023-01-06T15:44:21Z" name="launchApplication" finished-at="2023-01-06T15:44:27Z" duration-ms="5852" status="PASS">
          <reporter-output>
          </reporter-output>
        </test-method> <!-- launchApplication -->
        <test-method signature="submitOrder(java.util.HashMap)[pri:0, instance:rahulshettyacademy.tests.SubmitOrderTest@41709512]" started-at="2023-01-06T15:44:27Z" name="submitOrder" data-provider="getData" finished-at="2023-01-06T15:44:32Z" duration-ms="4767" status="PASS">
          <params>
            <param index="0">
              <value>
                <![CDATA[{password=Iamking@000, product=ADIDAS ORIGINAL, email=shetty@gmail.com}]]>
              </value>
            </param>
          </params>
          <reporter-output>
          </reporter-output>
        </test-method> <!-- submitOrder -->
        <test-method is-config="true" signature="tearDown()[pri:0, instance:rahulshettyacademy.tests.SubmitOrderTest@41709512]" started-at="2023-01-06T15:44:32Z" name="tearDown" finished-at="2023-01-06T15:44:32Z" duration-ms="326" status="PASS">
          <reporter-output>
          </reporter-output>
        </test-method> <!-- tearDown -->
        <test-method is-config="true" signature="launchApplication()[pri:0, instance:rahulshettyacademy.tests.SubmitOrderTest@41709512]" started-at="2023-01-06T15:44:32Z" name="launchApplication" finished-at="2023-01-06T15:44:36Z" duration-ms="3875" status="PASS">
          <reporter-output>
          </reporter-output>
        </test-method> <!-- launchApplication -->
        <test-method signature="OrderHistoryTest()[pri:0, instance:rahulshettyacademy.tests.SubmitOrderTest@41709512]" started-at="2023-01-06T15:44:36Z" name="OrderHistoryTest" finished-at="2023-01-06T15:44:38Z" depends-on-methods="rahulshettyacademy.tests.SubmitOrderTest.submitOrder" duration-ms="1453" status="PASS">
          <reporter-output>
          </reporter-output>
        </test-method> <!-- OrderHistoryTest -->
        <test-method is-config="true" signature="tearDown()[pri:0, instance:rahulshettyacademy.tests.SubmitOrderTest@41709512]" started-at="2023-01-06T15:44:38Z" name="tearDown" finished-at="2023-01-06T15:44:38Z" duration-ms="332" status="PASS">
          <reporter-output>
          </reporter-output>
        </test-method> <!-- tearDown -->
      </class> <!-- rahulshettyacademy.tests.SubmitOrderTest -->
    </test> <!-- Submit Order Test -->
  </suite> <!-- Suite -->
</testng-results>
